<?xml version="1.0" encoding="UTF-8"?>
<testsuite xmlns:xsi="http://www.w3.org/2001/XMLSchema-instance" xsi:noNamespaceSchemaLocation="https://maven.apache.org/surefire/maven-surefire-plugin/xsd/surefire-test-report.xsd" name="org.example.AppTest" time="1.534" tests="18" errors="4" skipped="0" failures="1">
  <properties>
[...]
</properties>
  <testcase name="nakladanie" classname="org.example.AppTest" time="0.743"/>
  <testcase name="queueTest" classname="org.example.AppTest" time="0.581"/>
  <testcase name="RozpulchnianieTest" classname="org.example.AppTest" time="0.005"/>
  <testcase name="asdasd" classname="org.example.AppTest" time="0.033">
    <error message="cv::Exception: OpenCV(4.5.1) C:\build\master_winpack-bindings-win64-vc14-static\opencv\modules\imgproc\src\contours.cpp:197: error: (-210:Unsupported format or combination of formats) [Start]FindContours supports only CV_8UC1 images when mode != CV_RETR_FLOODFILL otherwise supports CV_32SC1 images only in function &apos;cvStartFindContours_Impl&apos;&#10;" type="org.opencv.core.CvException">org.opencv.core.CvException: 
cv::Exception: OpenCV(4.5.1) C:\build\master_winpack-bindings-win64-vc14-static\opencv\modules\imgproc\src\contours.cpp:197: error: (-210:Unsupported format or combination of formats) [Start]FindContours supports only CV_8UC1 images when mode != CV_RETR_FLOODFILL otherwise supports CV_32SC1 images only in function 'cvStartFindContours_Impl'

	at org.example.AppTest.asdasd(AppTest.java:323)
</error>
  </testcase>
  <testcase name="contour_area" classname="org.example.AppTest" time="0"/>
  <testcase name="contour_test" classname="org.example.AppTest" time="0.001"/>
  <testcase name="testSplot" classname="org.example.AppTest" time="0.002">
    <failure message="expected:&lt;8&gt; but was:&lt;-8&gt;" type="java.lang.AssertionError"><![CDATA[java.lang.AssertionError: expected:<8> but was:<-8>
	at org.example.AppTest.testSplot(AppTest.java:63)
]]></failure>
  </testcase>
  <testcase name="resize" classname="org.example.AppTest" time="0.085"/>
  <testcase name="angleTest" classname="org.example.AppTest" time="0"/>
  <testcase name="javaTest" classname="org.example.AppTest" time="0.002"/>
  <testcase name="ConnectingEndPointsTest" classname="org.example.AppTest" time="0.016"/>
  <testcase name="End_pointsTest" classname="org.example.AppTest" time="0.002"/>
  <testcase name="dsf" classname="org.example.AppTest" time="0.001">
    <error message="Cannot load from object array because &quot;df[0]&quot; is null" type="java.lang.NullPointerException">java.lang.NullPointerException: Cannot load from object array because "df[0]" is null
	at org.example.AppTest.dsf(AppTest.java:366)
</error>
    <system-out><![CDATA[{1.0, 1.0}
{2.0, 1.0}
]]></system-out>
  </testcase>
  <testcase name="LineTest" classname="org.example.AppTest" time="0.012"/>
  <testcase name="matzerosTest" classname="org.example.AppTest" time="0"/>
  <testcase name="sortingTest" classname="org.example.AppTest" time="0.001">
    <error message="Index 0 out of bounds for length 0" type="java.lang.IndexOutOfBoundsException">java.lang.IndexOutOfBoundsException: Index 0 out of bounds for length 0
	at org.example.AppTest.sortingTest(AppTest.java:354)
</error>
    <system-out><![CDATA[[{2.0, 2.0}, {1.0, 0.0}, {0.0, 3.0}, {1.0, 3.0}, {2.0, 1.0}, {-1.0, 1.0}, {-1.0, 2.0}, {0.0, 0.0}, {3.0, 3.0}, {2.0, 3.0}]
debug0
Output size:0
]]></system-out>
  </testcase>
  <testcase name="sortTest" classname="org.example.AppTest" time="0.002">
    <error message="Index 0 out of bounds for length 0" type="java.lang.IndexOutOfBoundsException">java.lang.IndexOutOfBoundsException: Index 0 out of bounds for length 0
	at org.example.AppTest.sortTest(AppTest.java:406)
</error>
    <system-out><![CDATA[debug0
Output size:0
Output size:0
]]></system-out>
  </testcase>
  <testcase name="OpencvMatTest" classname="org.example.AppTest" time="0.001"/>
</testsuite>